2024-03-08 03:20:25 [ INFO] Starting BackendApplication using Java 11.0.18 on minsuui-MacBookPro.local with PID 30517 (/Users/minsu/Documents/GitHub/backend/build/classes/java/main started by minsu in /Users/minsu/Documents/GitHub/backend)
2024-03-08 03:20:25 [ INFO] The following 1 profile is active: "dev"
2024-03-08 03:20:25 [ INFO] HV000001: Hibernate Validator 6.2.5.Final
2024-03-08 03:20:26 [ INFO] Multiple Spring Data modules found, entering strict repository configuration mode
2024-03-08 03:20:26 [ INFO] Bootstrapping Spring Data JPA repositories in DEFAULT mode.
2024-03-08 03:20:26 [ INFO] Finished Spring Data repository scanning in 103 ms. Found 16 JPA repository interfaces.
2024-03-08 03:20:26 [ INFO] Multiple Spring Data modules found, entering strict repository configuration mode
2024-03-08 03:20:26 [ INFO] Bootstrapping Spring Data Redis repositories in DEFAULT mode.
2024-03-08 03:20:26 [ INFO] Spring Data Redis - Could not safely identify store assignment for repository candidate interface com.moing.backend.domain.block.domain.repository.BlockRepository; If you want this repository to be a Redis repository, consider annotating your entities with one of these annotations: org.springframework.data.redis.core.RedisHash (preferred), or consider extending one of the following types with your repository: org.springframework.data.keyvalue.repository.KeyValueRepository
2024-03-08 03:20:26 [ INFO] Spring Data Redis - Could not safely identify store assignment for repository candidate interface com.moing.backend.domain.board.domain.repository.BoardRepository; If you want this repository to be a Redis repository, consider annotating your entities with one of these annotations: org.springframework.data.redis.core.RedisHash (preferred), or consider extending one of the following types with your repository: org.springframework.data.keyvalue.repository.KeyValueRepository
2024-03-08 03:20:26 [ INFO] Spring Data Redis - Could not safely identify store assignment for repository candidate interface com.moing.backend.domain.boardComment.domain.repository.BoardCommentRepository; If you want this repository to be a Redis repository, consider annotating your entities with one of these annotations: org.springframework.data.redis.core.RedisHash (preferred), or consider extending one of the following types with your repository: org.springframework.data.keyvalue.repository.KeyValueRepository
2024-03-08 03:20:26 [ INFO] Spring Data Redis - Could not safely identify store assignment for repository candidate interface com.moing.backend.domain.boardRead.domain.repository.BoardReadRepository; If you want this repository to be a Redis repository, consider annotating your entities with one of these annotations: org.springframework.data.redis.core.RedisHash (preferred), or consider extending one of the following types with your repository: org.springframework.data.keyvalue.repository.KeyValueRepository
2024-03-08 03:20:26 [ INFO] Spring Data Redis - Could not safely identify store assignment for repository candidate interface com.moing.backend.domain.fire.domain.repository.FireRepository; If you want this repository to be a Redis repository, consider annotating your entities with one of these annotations: org.springframework.data.redis.core.RedisHash (preferred), or consider extending one of the following types with your repository: org.springframework.data.keyvalue.repository.KeyValueRepository
2024-03-08 03:20:26 [ INFO] Spring Data Redis - Could not safely identify store assignment for repository candidate interface com.moing.backend.domain.history.domain.repository.AlarmHistoryRepository; If you want this repository to be a Redis repository, consider annotating your entities with one of these annotations: org.springframework.data.redis.core.RedisHash (preferred), or consider extending one of the following types with your repository: org.springframework.data.keyvalue.repository.KeyValueRepository
2024-03-08 03:20:26 [ INFO] Spring Data Redis - Could not safely identify store assignment for repository candidate interface com.moing.backend.domain.member.domain.repository.MemberRepository; If you want this repository to be a Redis repository, consider annotating your entities with one of these annotations: org.springframework.data.redis.core.RedisHash (preferred), or consider extending one of the following types with your repository: org.springframework.data.keyvalue.repository.KeyValueRepository
2024-03-08 03:20:26 [ INFO] Spring Data Redis - Could not safely identify store assignment for repository candidate interface com.moing.backend.domain.mission.domain.repository.MissionRepository; If you want this repository to be a Redis repository, consider annotating your entities with one of these annotations: org.springframework.data.redis.core.RedisHash (preferred), or consider extending one of the following types with your repository: org.springframework.data.keyvalue.repository.KeyValueRepository
2024-03-08 03:20:26 [ INFO] Spring Data Redis - Could not safely identify store assignment for repository candidate interface com.moing.backend.domain.missionArchive.domain.repository.MissionArchiveRepository; If you want this repository to be a Redis repository, consider annotating your entities with one of these annotations: org.springframework.data.redis.core.RedisHash (preferred), or consider extending one of the following types with your repository: org.springframework.data.keyvalue.repository.KeyValueRepository
2024-03-08 03:20:26 [ INFO] Spring Data Redis - Could not safely identify store assignment for repository candidate interface com.moing.backend.domain.missionHeart.domain.repository.MissionHeartRepository; If you want this repository to be a Redis repository, consider annotating your entities with one of these annotations: org.springframework.data.redis.core.RedisHash (preferred), or consider extending one of the following types with your repository: org.springframework.data.keyvalue.repository.KeyValueRepository
2024-03-08 03:20:26 [ INFO] Spring Data Redis - Could not safely identify store assignment for repository candidate interface com.moing.backend.domain.missionState.domain.repository.MissionStateRepository; If you want this repository to be a Redis repository, consider annotating your entities with one of these annotations: org.springframework.data.redis.core.RedisHash (preferred), or consider extending one of the following types with your repository: org.springframework.data.keyvalue.repository.KeyValueRepository
2024-03-08 03:20:26 [ INFO] Spring Data Redis - Could not safely identify store assignment for repository candidate interface com.moing.backend.domain.mypage.domain.repository.FeedbackRepository; If you want this repository to be a Redis repository, consider annotating your entities with one of these annotations: org.springframework.data.redis.core.RedisHash (preferred), or consider extending one of the following types with your repository: org.springframework.data.keyvalue.repository.KeyValueRepository
2024-03-08 03:20:26 [ INFO] Spring Data Redis - Could not safely identify store assignment for repository candidate interface com.moing.backend.domain.report.domain.repository.ReportRepository; If you want this repository to be a Redis repository, consider annotating your entities with one of these annotations: org.springframework.data.redis.core.RedisHash (preferred), or consider extending one of the following types with your repository: org.springframework.data.keyvalue.repository.KeyValueRepository
2024-03-08 03:20:26 [ INFO] Spring Data Redis - Could not safely identify store assignment for repository candidate interface com.moing.backend.domain.team.domain.repository.TeamRepository; If you want this repository to be a Redis repository, consider annotating your entities with one of these annotations: org.springframework.data.redis.core.RedisHash (preferred), or consider extending one of the following types with your repository: org.springframework.data.keyvalue.repository.KeyValueRepository
2024-03-08 03:20:26 [ INFO] Spring Data Redis - Could not safely identify store assignment for repository candidate interface com.moing.backend.domain.teamMember.domain.repository.TeamMemberRepository; If you want this repository to be a Redis repository, consider annotating your entities with one of these annotations: org.springframework.data.redis.core.RedisHash (preferred), or consider extending one of the following types with your repository: org.springframework.data.keyvalue.repository.KeyValueRepository
2024-03-08 03:20:26 [ INFO] Spring Data Redis - Could not safely identify store assignment for repository candidate interface com.moing.backend.domain.teamScore.domain.repository.TeamScoreRepository; If you want this repository to be a Redis repository, consider annotating your entities with one of these annotations: org.springframework.data.redis.core.RedisHash (preferred), or consider extending one of the following types with your repository: org.springframework.data.keyvalue.repository.KeyValueRepository
2024-03-08 03:20:26 [ INFO] Finished Spring Data repository scanning in 22 ms. Found 0 Redis repository interfaces.
2024-03-08 03:20:34 [ INFO] BeanFactory id=1c0a394d-13be-381f-a1f6-d0c02e8550cb
2024-03-08 03:20:34 [ INFO] Bean '(inner bean)#53d30d23' of type [com.amazonaws.auth.BasicAWSCredentials] is not eligible for getting processed by all BeanPostProcessors (for example: not eligible for auto-proxying)
2024-03-08 03:20:34 [ INFO] Bean '(inner bean)#424f02b8' of type [com.amazonaws.auth.AWSStaticCredentialsProvider] is not eligible for getting processed by all BeanPostProcessors (for example: not eligible for auto-proxying)
2024-03-08 03:20:34 [ INFO] Bean '(inner bean)#589fb74d' of type [com.amazonaws.auth.profile.ProfileCredentialsProvider] is not eligible for getting processed by all BeanPostProcessors (for example: not eligible for auto-proxying)
2024-03-08 03:20:34 [ INFO] Bean 'credentialsProvider' of type [org.springframework.cloud.aws.core.credentials.CredentialsProviderFactoryBean] is not eligible for getting processed by all BeanPostProcessors (for example: not eligible for auto-proxying)
2024-03-08 03:20:34 [ INFO] Bean 'credentialsProvider' of type [com.amazonaws.auth.AWSCredentialsProviderChain] is not eligible for getting processed by all BeanPostProcessors (for example: not eligible for auto-proxying)
2024-03-08 03:20:34 [ INFO] Tomcat initialized with port(s): 8080 (http)
2024-03-08 03:20:34 [ INFO] Initializing ProtocolHandler ["http-nio-8080"]
2024-03-08 03:20:34 [ INFO] Starting service [Tomcat]
2024-03-08 03:20:34 [ INFO] Starting Servlet engine: [Apache Tomcat/9.0.78]
2024-03-08 03:20:35 [ INFO] Initializing Spring embedded WebApplicationContext
2024-03-08 03:20:35 [ INFO] Root WebApplicationContext: initialization completed in 9175 ms
2024-03-08 03:20:35 [ INFO] HHH000412: Hibernate ORM core version 5.6.15.Final
2024-03-08 03:20:35 [ INFO] HCANN000001: Hibernate Commons Annotations {5.1.2.Final}
2024-03-08 03:20:35 [ INFO] jpa-hikari-pool - Starting...
2024-03-08 03:20:35 [ INFO] jpa-hikari-pool - Start completed.
2024-03-08 03:20:35 [ INFO] HHH000400: Using dialect: org.hibernate.dialect.MySQL57Dialect
2024-03-08 03:20:36 [ INFO] HHH000490: Using JtaPlatform implementation: [org.hibernate.engine.transaction.jta.platform.internal.NoJtaPlatform]
2024-03-08 03:20:36 [ INFO] Initialized JPA EntityManagerFactory for persistence unit 'default'
2024-03-08 03:20:38 [ INFO] Will not secure Ant [pattern='/resource/**']
2024-03-08 03:20:38 [ INFO] Will not secure Ant [pattern='/css/**']
2024-03-08 03:20:38 [ INFO] Will not secure Ant [pattern='/js/**']
2024-03-08 03:20:38 [ INFO] Will not secure Ant [pattern='/img/**']
2024-03-08 03:20:38 [ INFO] Will not secure Ant [pattern='/lib/**']
2024-03-08 03:20:38 [ INFO] Will secure any request with [org.springframework.security.web.session.DisableEncodeUrlFilter@79715834, org.springframework.security.web.context.request.async.WebAsyncManagerIntegrationFilter@4d94b0af, org.springframework.security.web.context.SecurityContextPersistenceFilter@6c92af74, org.springframework.security.web.header.HeaderWriterFilter@c39ebcf, org.springframework.security.web.authentication.logout.LogoutFilter@32317a37, com.moing.backend.global.config.security.filter.JwtAuthFilter@72a80668, org.springframework.security.web.savedrequest.RequestCacheAwareFilter@7f8bc54e, org.springframework.security.web.servletapi.SecurityContextHolderAwareRequestFilter@31f151ff, org.springframework.security.web.authentication.AnonymousAuthenticationFilter@42cb8174, org.springframework.security.web.session.SessionManagementFilter@1be7b7de, org.springframework.security.web.access.ExceptionTranslationFilter@35cf5d9, org.springframework.security.web.access.intercept.FilterSecurityInterceptor@314e2b4b]
2024-03-08 03:20:39 [ INFO] Exposing 16 endpoint(s) beneath base path '/actuator'
2024-03-08 03:20:39 [ INFO] Starting ProtocolHandler ["http-nio-8080"]
2024-03-08 03:20:39 [ INFO] Tomcat started on port(s): 8080 (http) with context path ''
2024-03-08 03:20:39 [ INFO] Started BackendApplication in 14.149 seconds (JVM running for 14.713)
2024-03-08 03:23:23 [ INFO] Closing JPA EntityManagerFactory for persistence unit 'default'
2024-03-08 03:23:23 [ INFO] jpa-hikari-pool - Shutdown initiated...
2024-03-08 03:23:23 [ INFO] jpa-hikari-pool - Shutdown completed.
